2025-11-11 17:21:47,376 - AUDIT - User created: test_physician (role: physician)
2025-11-11 17:21:47,593 - AUDIT - User created: test_nurse (role: nurse)
2025-11-11 17:21:47,813 - AUDIT - User created: test_admin (role: admin)
2025-11-11 17:21:48,033 - AUDIT - User created: test_researcher (role: researcher)
2025-11-11 17:21:48,246 - AUDIT - Successful login: test_physician (role: physician) from None
2025-11-11 17:21:48,252 - AUDIT - Access: test_physician (physician) - ADD_PATIENT - Patient P_SQL_TEST - Granted: True
2025-11-11 17:21:48,547 - AUDIT - User created: test_physician (role: physician)
2025-11-11 17:21:48,765 - AUDIT - User created: test_nurse (role: nurse)
2025-11-11 17:21:48,982 - AUDIT - User created: test_admin (role: admin)
2025-11-11 17:21:49,194 - AUDIT - User created: test_researcher (role: researcher)
2025-11-11 17:21:49,412 - AUDIT - Successful login: test_physician (role: physician) from None
2025-11-11 17:21:49,414 - AUDIT - Access: test_physician (physician) - ADD_PATIENT - Patient P_TEST_001 - Granted: True
2025-11-11 17:21:49,715 - AUDIT - User created: test_physician (role: physician)
2025-11-11 17:21:49,932 - AUDIT - User created: test_nurse (role: nurse)
2025-11-11 17:21:50,148 - AUDIT - User created: test_admin (role: admin)
2025-11-11 17:21:50,364 - AUDIT - User created: test_researcher (role: researcher)
2025-11-11 17:21:50,580 - AUDIT - Successful login: test_physician (role: physician) from None
2025-11-11 17:21:50,581 - AUDIT - Access: test_physician (physician) - ADD_PATIENT - Patient P_YOUNG - Granted: True
2025-11-11 17:21:50,594 - AUDIT - Access: test_physician (physician) - VIEW_PATIENT - Patient P_YOUNG - Granted: True
2025-11-11 17:21:50,608 - AUDIT - Access: test_physician (physician) - ADD_PATIENT - Patient P_MIDDLE - Granted: True
2025-11-11 17:21:50,621 - AUDIT - Access: test_physician (physician) - VIEW_PATIENT - Patient P_MIDDLE - Granted: True
2025-11-11 17:21:50,633 - AUDIT - Access: test_physician (physician) - ADD_PATIENT - Patient P_ELDERLY - Granted: True
2025-11-11 17:21:50,646 - AUDIT - Access: test_physician (physician) - VIEW_PATIENT - Patient P_ELDERLY - Granted: True
2025-11-11 17:21:50,943 - AUDIT - User created: test_physician (role: physician)
2025-11-11 17:21:51,159 - AUDIT - User created: test_nurse (role: nurse)
2025-11-11 17:21:51,374 - AUDIT - User created: test_admin (role: admin)
2025-11-11 17:21:51,592 - AUDIT - User created: test_researcher (role: researcher)
2025-11-11 17:21:51,812 - AUDIT - Successful login: test_physician (role: physician) from None
2025-11-11 17:21:51,814 - AUDIT - Access: test_physician (physician) - ADD_PATIENT - Patient P_PARTIAL_TEST - Granted: True
2025-11-11 17:21:51,820 - AUDIT - Access: test_physician (physician) - VIEW_PATIENT - Patient P_PARTIAL_TEST - Granted: True
2025-11-11 17:21:51,826 - AUDIT - Access: test_physician (physician) - VIEW_PATIENT - Patient P_PARTIAL_TEST - Granted: True
2025-11-11 17:22:13,992 - AUDIT - User created: test_physician (role: physician)
2025-11-11 17:22:14,215 - AUDIT - User created: test_nurse (role: nurse)
2025-11-11 17:22:14,444 - AUDIT - User created: test_admin (role: admin)
2025-11-11 17:22:14,675 - AUDIT - User created: test_researcher (role: researcher)
2025-11-11 17:22:14,903 - AUDIT - Successful login: test_physician (role: physician) from None
2025-11-11 17:22:14,907 - AUDIT - Access: test_physician (physician) - ADD_PATIENT - Patient P_SQL_TEST - Granted: True
2025-11-11 17:22:15,223 - AUDIT - User created: test_physician (role: physician)
2025-11-11 17:22:15,444 - AUDIT - User created: test_nurse (role: nurse)
2025-11-11 17:22:15,667 - AUDIT - User created: test_admin (role: admin)
2025-11-11 17:22:15,893 - AUDIT - User created: test_researcher (role: researcher)
2025-11-11 17:22:16,118 - AUDIT - Successful login: test_physician (role: physician) from None
2025-11-11 17:22:16,120 - AUDIT - Access: test_physician (physician) - ADD_PATIENT - Patient P_TEST_001 - Granted: True
2025-11-11 17:22:16,423 - AUDIT - User created: test_physician (role: physician)
2025-11-11 17:22:16,649 - AUDIT - User created: test_nurse (role: nurse)
2025-11-11 17:22:16,870 - AUDIT - User created: test_admin (role: admin)
2025-11-11 17:22:17,087 - AUDIT - User created: test_researcher (role: researcher)
2025-11-11 17:22:17,302 - AUDIT - Successful login: test_physician (role: physician) from None
2025-11-11 17:22:17,304 - AUDIT - Access: test_physician (physician) - ADD_PATIENT - Patient P_TEST_001 - Granted: True
2025-11-11 17:22:17,617 - AUDIT - User created: test_physician (role: physician)
2025-11-11 17:22:17,842 - AUDIT - User created: test_nurse (role: nurse)
2025-11-11 17:22:18,069 - AUDIT - User created: test_admin (role: admin)
2025-11-11 17:22:18,288 - AUDIT - User created: test_researcher (role: researcher)
2025-11-11 17:22:18,507 - AUDIT - User created: hash_test_user (role: nurse)
2025-11-11 17:22:18,795 - AUDIT - User created: test_physician (role: physician)
2025-11-11 17:22:19,017 - AUDIT - User created: test_nurse (role: nurse)
2025-11-11 17:22:19,233 - AUDIT - User created: test_admin (role: admin)
2025-11-11 17:22:19,454 - AUDIT - User created: test_researcher (role: researcher)
2025-11-11 17:22:19,758 - AUDIT - User created: test_physician (role: physician)
2025-11-11 17:22:19,977 - AUDIT - User created: test_nurse (role: nurse)
2025-11-11 17:22:20,191 - AUDIT - User created: test_admin (role: admin)
2025-11-11 17:22:20,410 - AUDIT - User created: test_researcher (role: researcher)
2025-11-11 17:22:20,635 - AUDIT - User created: lockout_test (role: nurse)
2025-11-11 17:22:20,859 - AUDIT - Failed login attempt: lockout_test from None (attempt 1)
2025-11-11 17:22:21,075 - AUDIT - Failed login attempt: lockout_test from None (attempt 2)
2025-11-11 17:22:21,292 - AUDIT - Failed login attempt: lockout_test from None (attempt 3)
2025-11-11 17:22:21,510 - AUDIT - Failed login attempt: lockout_test from None (attempt 4)
2025-11-11 17:22:21,728 - AUDIT - Failed login attempt: lockout_test from None (attempt 5)
2025-11-11 17:22:21,728 - AUDIT - Login attempt for locked account: lockout_test
2025-11-11 17:22:22,018 - AUDIT - User created: test_physician (role: physician)
2025-11-11 17:22:22,236 - AUDIT - User created: test_nurse (role: nurse)
2025-11-11 17:22:22,459 - AUDIT - User created: test_admin (role: admin)
2025-11-11 17:22:22,682 - AUDIT - User created: test_researcher (role: researcher)
2025-11-11 17:22:22,904 - AUDIT - Successful login: test_physician (role: physician) from None
2025-11-11 17:22:22,910 - AUDIT - Session logged out: jX7VrVAjcqoj50wiUssfRvcB3R0s5-oEha7_G3Qq06I
2025-11-11 17:22:23,133 - AUDIT - Successful login: test_physician (role: physician) from None
2025-11-11 17:22:23,139 - AUDIT - Session logged out: letlr4vV6dgtZg4rBYG7UM6A2I8x3Ua1OC2LUEFrwnU
2025-11-11 17:22:23,366 - AUDIT - Successful login: test_physician (role: physician) from None
2025-11-11 17:22:23,373 - AUDIT - Session logged out: VF6VJ2VVxUCIyjJWgYXEdabYe_0nNjWiOL2Xr_ZMA4c
2025-11-11 17:22:23,593 - AUDIT - Successful login: test_physician (role: physician) from None
2025-11-11 17:22:23,598 - AUDIT - Session logged out: jzr_PsS9JSo5S8IPqhFShOju_iF-AY1osNz3bwrfjnE
2025-11-11 17:22:23,811 - AUDIT - Successful login: test_physician (role: physician) from None
2025-11-11 17:22:23,818 - AUDIT - Session logged out: Po7FHuErSvEA4odhB6cl8oNiTloQXDV3OUGvQL9VBXw
2025-11-11 17:22:24,038 - AUDIT - Successful login: test_physician (role: physician) from None
2025-11-11 17:22:24,044 - AUDIT - Session logged out: qpxqCIDxXHMFbDjeMpN6ZBxi6vypC1V9yB0fa35p1I4
2025-11-11 17:22:24,265 - AUDIT - Successful login: test_physician (role: physician) from None
2025-11-11 17:22:24,272 - AUDIT - Session logged out: gfpejwVG-T-N-ws_6ozQhO6mgm0w-b5V024XSpIL2gY
2025-11-11 17:22:24,488 - AUDIT - Successful login: test_physician (role: physician) from None
2025-11-11 17:22:24,495 - AUDIT - Session logged out: Szo9bPJLhVKpp7EaqUuDAtO-5BqarH_kit64bEpNPwg
2025-11-11 17:22:24,714 - AUDIT - Successful login: test_physician (role: physician) from None
2025-11-11 17:22:24,720 - AUDIT - Session logged out: K94U5nT8OHl22JT1kgAlo1HNbH_R1MM1AjSQC2L6NwU
2025-11-11 17:22:24,936 - AUDIT - Successful login: test_physician (role: physician) from None
2025-11-11 17:22:24,942 - AUDIT - Session logged out: SjuFeVMAjsmBe6c3J-TfQ9cSmJgJmuYrdAsPXUndiiE
2025-11-11 17:22:25,238 - AUDIT - User created: test_physician (role: physician)
2025-11-11 17:22:25,451 - AUDIT - User created: test_nurse (role: nurse)
2025-11-11 17:22:25,666 - AUDIT - User created: test_admin (role: admin)
2025-11-11 17:22:25,885 - AUDIT - User created: test_researcher (role: researcher)
2025-11-11 17:22:26,100 - AUDIT - Successful login: test_physician (role: physician) from None
2025-11-11 17:22:26,405 - AUDIT - User created: test_physician (role: physician)
2025-11-11 17:22:26,625 - AUDIT - User created: test_nurse (role: nurse)
2025-11-11 17:22:26,840 - AUDIT - User created: test_admin (role: admin)
2025-11-11 17:22:27,060 - AUDIT - User created: test_researcher (role: researcher)
2025-11-11 17:22:27,280 - AUDIT - Successful login: test_physician (role: physician) from None
2025-11-11 17:22:27,281 - AUDIT - Access: test_physician (physician) - ADD_PATIENT - Patient P_TEST_001 - Granted: True
2025-11-11 17:22:27,506 - AUDIT - Successful login: test_researcher (role: researcher) from None
2025-11-11 17:22:27,507 - AUDIT - Access: test_researcher (researcher) - VIEW_PATIENT - Patient P_TEST_001 - Granted: True
2025-11-11 17:22:27,805 - AUDIT - User created: test_physician (role: physician)
2025-11-11 17:22:28,021 - AUDIT - User created: test_nurse (role: nurse)
2025-11-11 17:22:28,237 - AUDIT - User created: test_admin (role: admin)
2025-11-11 17:22:28,450 - AUDIT - User created: test_researcher (role: researcher)
2025-11-11 17:22:28,670 - AUDIT - Successful login: test_physician (role: physician) from None
2025-11-11 17:22:28,672 - AUDIT - Access: test_physician (physician) - ADD_PATIENT - Patient P_TEST_001 - Granted: True
2025-11-11 17:22:28,680 - AUDIT - Access: test_physician (physician) - VIEW_PATIENT - Patient P_TEST_001 - Granted: True
2025-11-11 17:22:28,977 - AUDIT - User created: test_physician (role: physician)
2025-11-11 17:22:29,190 - AUDIT - User created: test_nurse (role: nurse)
2025-11-11 17:22:29,406 - AUDIT - User created: test_admin (role: admin)
2025-11-11 17:22:29,621 - AUDIT - User created: test_researcher (role: researcher)
2025-11-11 17:22:29,837 - AUDIT - Successful login: test_physician (role: physician) from None
2025-11-11 17:22:29,839 - AUDIT - Access: test_physician (physician) - ADD_PATIENT - Patient P_YOUNG - Granted: True
2025-11-11 17:22:29,852 - AUDIT - Access: test_physician (physician) - VIEW_PATIENT - Patient P_YOUNG - Granted: True
2025-11-11 17:22:29,868 - AUDIT - Access: test_physician (physician) - ADD_PATIENT - Patient P_MIDDLE - Granted: True
2025-11-11 17:22:29,881 - AUDIT - Access: test_physician (physician) - VIEW_PATIENT - Patient P_MIDDLE - Granted: True
2025-11-11 17:22:29,897 - AUDIT - Access: test_physician (physician) - ADD_PATIENT - Patient P_ELDERLY - Granted: True
2025-11-11 17:22:29,913 - AUDIT - Access: test_physician (physician) - VIEW_PATIENT - Patient P_ELDERLY - Granted: True
2025-11-11 17:22:30,234 - AUDIT - User created: test_physician (role: physician)
2025-11-11 17:22:30,453 - AUDIT - User created: test_nurse (role: nurse)
2025-11-11 17:22:30,669 - AUDIT - User created: test_admin (role: admin)
2025-11-11 17:22:30,885 - AUDIT - User created: test_researcher (role: researcher)
2025-11-11 17:22:31,104 - AUDIT - Successful login: test_physician (role: physician) from None
2025-11-11 17:22:31,106 - AUDIT - Access: test_physician (physician) - ADD_PATIENT - Patient P_WEALTHY_ZIP - Granted: True
2025-11-11 17:22:31,120 - AUDIT - Access: test_physician (physician) - VIEW_PATIENT - Patient P_WEALTHY_ZIP - Granted: True
2025-11-11 17:22:31,134 - AUDIT - Access: test_physician (physician) - ADD_PATIENT - Patient P_POOR_ZIP - Granted: True
2025-11-11 17:22:31,151 - AUDIT - Access: test_physician (physician) - VIEW_PATIENT - Patient P_POOR_ZIP - Granted: True
2025-11-11 17:22:31,481 - AUDIT - User created: test_physician (role: physician)
2025-11-11 17:22:31,697 - AUDIT - User created: test_nurse (role: nurse)
2025-11-11 17:22:31,916 - AUDIT - User created: test_admin (role: admin)
2025-11-11 17:22:32,132 - AUDIT - User created: test_researcher (role: researcher)
2025-11-11 17:22:32,343 - AUDIT - Successful login: test_physician (role: physician) from None
2025-11-11 17:22:32,345 - AUDIT - Access: test_physician (physician) - ADD_PATIENT - Patient P_EVIDENCE_TEST - Granted: True
2025-11-11 17:22:32,358 - AUDIT - Access: test_physician (physician) - VIEW_PATIENT - Patient P_EVIDENCE_TEST - Granted: True
2025-11-11 17:22:32,667 - AUDIT - User created: test_physician (role: physician)
2025-11-11 17:22:32,882 - AUDIT - User created: test_nurse (role: nurse)
2025-11-11 17:22:33,102 - AUDIT - User created: test_admin (role: admin)
2025-11-11 17:22:33,323 - AUDIT - User created: test_researcher (role: researcher)
2025-11-11 17:22:33,547 - AUDIT - Successful login: test_physician (role: physician) from None
2025-11-11 17:22:33,548 - AUDIT - Access: test_physician (physician) - ADD_PATIENT - Patient P_TRANSPARENCY_TEST - Granted: True
2025-11-11 17:22:33,562 - AUDIT - Access: test_physician (physician) - VIEW_PATIENT - Patient P_TRANSPARENCY_TEST - Granted: True
2025-11-11 17:22:33,882 - AUDIT - User created: test_physician (role: physician)
2025-11-11 17:22:34,105 - AUDIT - User created: test_nurse (role: nurse)
2025-11-11 17:22:34,318 - AUDIT - User created: test_admin (role: admin)
2025-11-11 17:22:34,531 - AUDIT - User created: test_researcher (role: researcher)
2025-11-11 17:22:34,758 - AUDIT - Successful login: test_physician (role: physician) from None
2025-11-11 17:22:34,759 - AUDIT - Access: test_physician (physician) - ADD_PATIENT - Patient P_HIGH_RISK_TEST - Granted: True
2025-11-11 17:22:34,772 - AUDIT - Access: test_physician (physician) - VIEW_PATIENT - Patient P_HIGH_RISK_TEST - Granted: True
2025-11-11 17:22:35,084 - AUDIT - User created: test_physician (role: physician)
2025-11-11 17:22:35,309 - AUDIT - User created: test_nurse (role: nurse)
2025-11-11 17:22:35,536 - AUDIT - User created: test_admin (role: admin)
2025-11-11 17:22:35,759 - AUDIT - User created: test_researcher (role: researcher)
2025-11-11 17:22:35,982 - AUDIT - Successful login: test_physician (role: physician) from None
2025-11-11 17:22:35,984 - AUDIT - Access: test_physician (physician) - ADD_PATIENT - Patient P_SOCIAL_SUPPORT_TEST - Granted: True
2025-11-11 17:22:35,998 - AUDIT - Access: test_physician (physician) - VIEW_PATIENT - Patient P_SOCIAL_SUPPORT_TEST - Granted: True
2025-11-11 17:22:36,305 - AUDIT - User created: test_physician (role: physician)
2025-11-11 17:22:36,528 - AUDIT - User created: test_nurse (role: nurse)
2025-11-11 17:22:36,755 - AUDIT - User created: test_admin (role: admin)
2025-11-11 17:22:36,973 - AUDIT - User created: test_researcher (role: researcher)
2025-11-11 17:22:37,191 - AUDIT - Successful login: test_physician (role: physician) from None
2025-11-11 17:22:37,192 - AUDIT - Access: test_physician (physician) - VIEW_PATIENT - Patient NONEXISTENT_PATIENT - Granted: False
2025-11-11 17:22:37,493 - AUDIT - User created: test_physician (role: physician)
2025-11-11 17:22:37,729 - AUDIT - User created: test_nurse (role: nurse)
2025-11-11 17:22:37,959 - AUDIT - User created: test_admin (role: admin)
2025-11-11 17:22:38,182 - AUDIT - User created: test_researcher (role: researcher)
2025-11-11 17:22:38,405 - AUDIT - Successful login: test_physician (role: physician) from None
2025-11-11 17:22:38,406 - AUDIT - Access: test_physician (physician) - ADD_PATIENT - Patient P_PARTIAL_TEST - Granted: True
2025-11-11 17:22:38,412 - AUDIT - Access: test_physician (physician) - VIEW_PATIENT - Patient P_PARTIAL_TEST - Granted: True
2025-11-11 17:22:38,418 - AUDIT - Access: test_physician (physician) - VIEW_PATIENT - Patient P_PARTIAL_TEST - Granted: True
2025-11-11 17:22:38,712 - AUDIT - User created: test_physician (role: physician)
2025-11-11 17:22:38,927 - AUDIT - User created: test_nurse (role: nurse)
2025-11-11 17:22:39,156 - AUDIT - User created: test_admin (role: admin)
2025-11-11 17:22:39,381 - AUDIT - User created: test_researcher (role: researcher)
2025-11-11 17:22:41,203 - AUDIT - User created: test_physician (role: physician)
2025-11-11 17:22:41,430 - AUDIT - User created: test_nurse (role: nurse)
2025-11-11 17:22:41,656 - AUDIT - User created: test_admin (role: admin)
2025-11-11 17:22:41,884 - AUDIT - User created: test_researcher (role: researcher)
2025-11-11 17:22:42,113 - AUDIT - Successful login: test_physician (role: physician) from None
2025-11-11 17:22:42,434 - AUDIT - User created: test_physician (role: physician)
2025-11-11 17:22:42,657 - AUDIT - User created: test_nurse (role: nurse)
2025-11-11 17:22:42,880 - AUDIT - User created: test_admin (role: admin)
2025-11-11 17:22:43,106 - AUDIT - User created: test_researcher (role: researcher)
2025-11-11 17:22:43,338 - AUDIT - Successful login: test_physician (role: physician) from None
2025-11-11 17:22:43,340 - AUDIT - Access: test_physician (physician) - ADD_PATIENT - Patient P_TEST_001 - Granted: True
2025-11-11 17:22:43,348 - AUDIT - Access: test_physician (physician) - VIEW_PATIENT - Patient P_TEST_001 - Granted: True
2025-11-11 17:22:43,659 - AUDIT - User created: test_physician (role: physician)
2025-11-11 17:22:43,878 - AUDIT - User created: test_nurse (role: nurse)
2025-11-11 17:22:44,102 - AUDIT - User created: test_admin (role: admin)
2025-11-11 17:22:44,325 - AUDIT - User created: test_researcher (role: researcher)
2025-11-11 17:22:44,546 - AUDIT - Successful login: test_physician (role: physician) from None
2025-11-11 17:22:44,548 - AUDIT - Access: test_physician (physician) - VIEW_PATIENT - Patient NONEXISTENT - Granted: False
2025-11-11 17:22:44,861 - AUDIT - User created: test_physician (role: physician)
2025-11-11 17:22:45,079 - AUDIT - User created: test_nurse (role: nurse)
2025-11-11 17:22:45,297 - AUDIT - User created: test_admin (role: admin)
2025-11-11 17:22:45,524 - AUDIT - User created: test_researcher (role: researcher)
2025-11-11 17:22:45,750 - AUDIT - Successful login: test_physician (role: physician) from None
2025-11-11 17:22:46,074 - AUDIT - User created: test_physician (role: physician)
2025-11-11 17:22:46,293 - AUDIT - User created: test_nurse (role: nurse)
2025-11-11 17:22:46,515 - AUDIT - User created: test_admin (role: admin)
2025-11-11 17:22:46,739 - AUDIT - User created: test_researcher (role: researcher)
2025-11-11 17:22:46,958 - AUDIT - Successful login: test_physician (role: physician) from None
2025-11-11 17:22:46,960 - AUDIT - Access: test_physician (physician) - ADD_PATIENT - Patient P_DEMO_1 - Granted: True
2025-11-11 17:22:46,976 - AUDIT - Access: test_physician (physician) - ADD_PATIENT - Patient P_DEMO_2 - Granted: True
2025-11-11 17:22:46,988 - AUDIT - Access: test_physician (physician) - VIEW_PATIENT - Patient P_DEMO_1 - Granted: True
2025-11-11 17:22:47,000 - AUDIT - Access: test_physician (physician) - VIEW_PATIENT - Patient P_DEMO_2 - Granted: True
2025-11-11 17:22:47,321 - AUDIT - User created: test_physician (role: physician)
2025-11-11 17:22:47,544 - AUDIT - User created: test_nurse (role: nurse)
2025-11-11 17:22:47,765 - AUDIT - User created: test_admin (role: admin)
2025-11-11 17:22:47,990 - AUDIT - User created: test_researcher (role: researcher)
2025-11-11 17:22:48,215 - AUDIT - Successful login: test_physician (role: physician) from None
2025-11-11 17:22:48,216 - AUDIT - Access: test_physician (physician) - ADD_PATIENT - Patient P_FAIL_1 - Granted: True
2025-11-11 17:22:48,225 - AUDIT - Access: test_physician (physician) - ADD_PATIENT - Patient P_FAIL_2 - Granted: True
2025-11-11 17:22:48,232 - AUDIT - Access: test_physician (physician) - VIEW_PATIENT - Patient P_FAIL_1 - Granted: True
2025-11-11 17:22:48,239 - AUDIT - Access: test_physician (physician) - VIEW_PATIENT - Patient P_FAIL_1 - Granted: True
2025-11-11 17:22:48,247 - AUDIT - Access: test_physician (physician) - VIEW_PATIENT - Patient P_FAIL_2 - Granted: True
2025-11-11 17:22:48,253 - AUDIT - Access: test_physician (physician) - VIEW_PATIENT - Patient P_FAIL_2 - Granted: True
2025-11-11 17:22:48,562 - AUDIT - User created: test_physician (role: physician)
2025-11-11 17:22:48,788 - AUDIT - User created: test_nurse (role: nurse)
2025-11-11 17:22:49,010 - AUDIT - User created: test_admin (role: admin)
2025-11-11 17:22:49,234 - AUDIT - User created: test_researcher (role: researcher)
2025-11-11 17:22:49,461 - AUDIT - Successful login: test_physician (role: physician) from None
2025-11-11 17:22:49,462 - AUDIT - Access: test_physician (physician) - ADD_PATIENT - Patient P_AUDIT_TEST - Granted: True
2025-11-11 17:22:49,477 - AUDIT - Access: test_physician (physician) - VIEW_PATIENT - Patient P_AUDIT_TEST - Granted: True
2025-11-11 17:22:49,490 - AUDIT - Access: test_physician (physician) - VIEW_PATIENT - Patient NONEXISTENT - Granted: False
2025-11-11 17:22:49,800 - AUDIT - User created: test_physician (role: physician)
2025-11-11 17:22:50,028 - AUDIT - User created: test_nurse (role: nurse)
2025-11-11 17:22:50,251 - AUDIT - User created: test_admin (role: admin)
2025-11-11 17:22:50,483 - AUDIT - User created: test_researcher (role: researcher)
2025-11-11 17:22:50,712 - AUDIT - Successful login: test_physician (role: physician) from None
2025-11-11 17:22:50,943 - AUDIT - Successful login: test_physician (role: physician) from None
2025-11-11 17:22:51,173 - AUDIT - Successful login: test_physician (role: physician) from None
2025-11-11 17:22:51,411 - AUDIT - Successful login: test_physician (role: physician) from None
2025-11-11 17:22:51,641 - AUDIT - Successful login: test_physician (role: physician) from None
2025-11-11 17:22:51,861 - AUDIT - Successful login: test_physician (role: physician) from None
2025-11-11 17:22:52,084 - AUDIT - Successful login: test_physician (role: physician) from None
2025-11-11 17:22:52,308 - AUDIT - Successful login: test_physician (role: physician) from None
2025-11-11 17:22:52,539 - AUDIT - Successful login: test_physician (role: physician) from None
2025-11-11 17:22:52,774 - AUDIT - Successful login: test_physician (role: physician) from None
2025-11-11 17:22:52,783 - AUDIT - Session logged out: 4VUvd9dMQ2JXcDbnWb_Daeh8Qzl2dno2MHQOEaikq0E
2025-11-11 17:22:52,790 - AUDIT - Session logged out: 5b62icXJ8znqDl0cw-tMgtceaR5RvCd2tCjejwVG4ns
2025-11-11 17:22:52,796 - AUDIT - Session logged out: 59VWg1xcgQ5NwDQoXy7jN55PaBKJACeGXQb7uLtsvAE
2025-11-11 17:22:52,803 - AUDIT - Session logged out: H9-R5-2LdLdCEbrIAnha7OON1om0EIRJxEpQu4Wfd5w
2025-11-11 17:22:52,810 - AUDIT - Session logged out: fomboUL1f5uRYoizi2qYlL4-RNesUTaLPpkM5j-c-v0
2025-11-11 17:22:52,817 - AUDIT - Session logged out: iSWAp2FQDP-qoKtPUshS86MSuzWrzQmc4Uw1lrKAjfg
2025-11-11 17:22:52,825 - AUDIT - Session logged out: LZe3qqxepFoFELi-Ydj-F9sjuHoaBJUCwHgKDF4-o90
2025-11-11 17:22:52,831 - AUDIT - Session logged out: HhPZzZguaXbYI1hXOZZnvojNPi9aiq8_zYufXAb-FeM
2025-11-11 17:22:52,839 - AUDIT - Session logged out: 8vQ5hDgD3wznlTE9rbaa76NlqRB22dYp3UXKlTEwg-E
2025-11-11 17:22:52,846 - AUDIT - Session logged out: gRNYzzdIcHc1bewGa7qbv43btSn50FrU2uazMv7SxiU
2025-11-11 17:22:53,156 - AUDIT - User created: test_physician (role: physician)
2025-11-11 17:22:53,382 - AUDIT - User created: test_nurse (role: nurse)
2025-11-11 17:22:53,603 - AUDIT - User created: test_admin (role: admin)
2025-11-11 17:22:53,827 - AUDIT - User created: test_researcher (role: researcher)
2025-11-11 17:22:54,059 - AUDIT - Successful login: test_physician (role: physician) from None
2025-11-11 17:22:54,062 - AUDIT - Access: test_physician (physician) - ADD_PATIENT - Patient P_BULK_000 - Granted: True
2025-11-11 17:22:54,070 - AUDIT - Access: test_physician (physician) - ADD_PATIENT - Patient P_BULK_001 - Granted: True
2025-11-11 17:22:54,078 - AUDIT - Access: test_physician (physician) - ADD_PATIENT - Patient P_BULK_002 - Granted: True
2025-11-11 17:22:54,085 - AUDIT - Access: test_physician (physician) - ADD_PATIENT - Patient P_BULK_003 - Granted: True
2025-11-11 17:22:54,094 - AUDIT - Access: test_physician (physician) - ADD_PATIENT - Patient P_BULK_004 - Granted: True
2025-11-11 17:22:54,101 - AUDIT - Access: test_physician (physician) - ADD_PATIENT - Patient P_BULK_005 - Granted: True
2025-11-11 17:22:54,108 - AUDIT - Access: test_physician (physician) - ADD_PATIENT - Patient P_BULK_006 - Granted: True
2025-11-11 17:22:54,116 - AUDIT - Access: test_physician (physician) - ADD_PATIENT - Patient P_BULK_007 - Granted: True
2025-11-11 17:22:54,124 - AUDIT - Access: test_physician (physician) - ADD_PATIENT - Patient P_BULK_008 - Granted: True
2025-11-11 17:22:54,131 - AUDIT - Access: test_physician (physician) - ADD_PATIENT - Patient P_BULK_009 - Granted: True
2025-11-11 17:22:54,141 - AUDIT - Access: test_physician (physician) - ADD_PATIENT - Patient P_BULK_010 - Granted: True
2025-11-11 17:22:54,150 - AUDIT - Access: test_physician (physician) - ADD_PATIENT - Patient P_BULK_011 - Granted: True
2025-11-11 17:22:54,160 - AUDIT - Access: test_physician (physician) - ADD_PATIENT - Patient P_BULK_012 - Granted: True
2025-11-11 17:22:54,168 - AUDIT - Access: test_physician (physician) - ADD_PATIENT - Patient P_BULK_013 - Granted: True
2025-11-11 17:22:54,177 - AUDIT - Access: test_physician (physician) - ADD_PATIENT - Patient P_BULK_014 - Granted: True
2025-11-11 17:22:54,186 - AUDIT - Access: test_physician (physician) - ADD_PATIENT - Patient P_BULK_015 - Granted: True
2025-11-11 17:22:54,197 - AUDIT - Access: test_physician (physician) - ADD_PATIENT - Patient P_BULK_016 - Granted: True
2025-11-11 17:22:54,206 - AUDIT - Access: test_physician (physician) - ADD_PATIENT - Patient P_BULK_017 - Granted: True
2025-11-11 17:22:54,213 - AUDIT - Access: test_physician (physician) - ADD_PATIENT - Patient P_BULK_018 - Granted: True
2025-11-11 17:22:54,222 - AUDIT - Access: test_physician (physician) - ADD_PATIENT - Patient P_BULK_019 - Granted: True
2025-11-11 17:22:54,230 - AUDIT - Access: test_physician (physician) - ADD_PATIENT - Patient P_BULK_020 - Granted: True
2025-11-11 17:22:54,237 - AUDIT - Access: test_physician (physician) - ADD_PATIENT - Patient P_BULK_021 - Granted: True
2025-11-11 17:22:54,246 - AUDIT - Access: test_physician (physician) - ADD_PATIENT - Patient P_BULK_022 - Granted: True
2025-11-11 17:22:54,256 - AUDIT - Access: test_physician (physician) - ADD_PATIENT - Patient P_BULK_023 - Granted: True
2025-11-11 17:22:54,266 - AUDIT - Access: test_physician (physician) - ADD_PATIENT - Patient P_BULK_024 - Granted: True
2025-11-11 17:22:54,275 - AUDIT - Access: test_physician (physician) - ADD_PATIENT - Patient P_BULK_025 - Granted: True
2025-11-11 17:22:54,283 - AUDIT - Access: test_physician (physician) - ADD_PATIENT - Patient P_BULK_026 - Granted: True
2025-11-11 17:22:54,291 - AUDIT - Access: test_physician (physician) - ADD_PATIENT - Patient P_BULK_027 - Granted: True
2025-11-11 17:22:54,298 - AUDIT - Access: test_physician (physician) - ADD_PATIENT - Patient P_BULK_028 - Granted: True
2025-11-11 17:22:54,305 - AUDIT - Access: test_physician (physician) - ADD_PATIENT - Patient P_BULK_029 - Granted: True
2025-11-11 17:22:54,312 - AUDIT - Access: test_physician (physician) - ADD_PATIENT - Patient P_BULK_030 - Granted: True
2025-11-11 17:22:54,320 - AUDIT - Access: test_physician (physician) - ADD_PATIENT - Patient P_BULK_031 - Granted: True
2025-11-11 17:22:54,327 - AUDIT - Access: test_physician (physician) - ADD_PATIENT - Patient P_BULK_032 - Granted: True
2025-11-11 17:22:54,333 - AUDIT - Access: test_physician (physician) - ADD_PATIENT - Patient P_BULK_033 - Granted: True
2025-11-11 17:22:54,341 - AUDIT - Access: test_physician (physician) - ADD_PATIENT - Patient P_BULK_034 - Granted: True
2025-11-11 17:22:54,351 - AUDIT - Access: test_physician (physician) - ADD_PATIENT - Patient P_BULK_035 - Granted: True
2025-11-11 17:22:54,359 - AUDIT - Access: test_physician (physician) - ADD_PATIENT - Patient P_BULK_036 - Granted: True
2025-11-11 17:22:54,366 - AUDIT - Access: test_physician (physician) - ADD_PATIENT - Patient P_BULK_037 - Granted: True
2025-11-11 17:22:54,373 - AUDIT - Access: test_physician (physician) - ADD_PATIENT - Patient P_BULK_038 - Granted: True
2025-11-11 17:22:54,379 - AUDIT - Access: test_physician (physician) - ADD_PATIENT - Patient P_BULK_039 - Granted: True
2025-11-11 17:22:54,385 - AUDIT - Access: test_physician (physician) - ADD_PATIENT - Patient P_BULK_040 - Granted: True
2025-11-11 17:22:54,392 - AUDIT - Access: test_physician (physician) - ADD_PATIENT - Patient P_BULK_041 - Granted: True
2025-11-11 17:22:54,398 - AUDIT - Access: test_physician (physician) - ADD_PATIENT - Patient P_BULK_042 - Granted: True
2025-11-11 17:22:54,404 - AUDIT - Access: test_physician (physician) - ADD_PATIENT - Patient P_BULK_043 - Granted: True
2025-11-11 17:22:54,410 - AUDIT - Access: test_physician (physician) - ADD_PATIENT - Patient P_BULK_044 - Granted: True
2025-11-11 17:22:54,418 - AUDIT - Access: test_physician (physician) - ADD_PATIENT - Patient P_BULK_045 - Granted: True
2025-11-11 17:22:54,426 - AUDIT - Access: test_physician (physician) - ADD_PATIENT - Patient P_BULK_046 - Granted: True
2025-11-11 17:22:54,432 - AUDIT - Access: test_physician (physician) - ADD_PATIENT - Patient P_BULK_047 - Granted: True
2025-11-11 17:22:54,439 - AUDIT - Access: test_physician (physician) - ADD_PATIENT - Patient P_BULK_048 - Granted: True
2025-11-11 17:22:54,447 - AUDIT - Access: test_physician (physician) - ADD_PATIENT - Patient P_BULK_049 - Granted: True
