2025-11-10 06:24:17,678 - ethical_hiring_audit - INFO - Consent obtained for candidate test_candidate_123
2025-11-10 06:24:17,678 - ethical_hiring_audit - INFO - Consent obtained for candidate test_candidate_456
2025-11-10 06:24:17,678 - ethical_hiring_audit - INFO - Data deletion processed for candidate test_candidate_456
2025-11-10 06:24:17,679 - ethical_hiring_audit - INFO - Ethical scorer initialized with weights: {'relevant_experience': 0.35, 'technical_skills': 0.3, 'project_portfolio': 0.2, 'certifications': 0.1, 'education_relevance': 0.05}
2025-11-10 06:24:17,679 - ethical_hiring_audit - INFO - Ethical scorer initialized with weights: {'relevant_experience': 0.35, 'technical_skills': 0.3, 'project_portfolio': 0.2, 'certifications': 0.1, 'education_relevance': 0.05}
2025-11-10 06:24:17,679 - ethical_hiring_audit - INFO - Ethical scorer initialized with weights: {'relevant_experience': 0.35, 'technical_skills': 0.3, 'project_portfolio': 0.2, 'certifications': 0.1, 'education_relevance': 0.05}
2025-11-10 06:24:17,679 - ethical_hiring_audit - WARNING - BIAS ALERT: Disparate impact detected on demographic_group. Results: {'Group_A': {'selection_rate': 0.9, 'ratio_to_highest': 1.0, 'passes_80_percent_rule': True, 'sample_size': 10}, 'Group_B': {'selection_rate': 0.5, 'ratio_to_highest': 0.5555555555555556, 'passes_80_percent_rule': False, 'sample_size': 10}}
2025-11-10 06:24:17,679 - ethical_hiring_audit - WARNING - BIAS ALERT: Significant score differences detected on demographic_group. Statistics: {'Group_A': {'count': 4, 'mean': 90.25, 'min': 88, 'max': 92, 'median': 91}, 'Group_B': {'count': 4, 'mean': 57.5, 'min': 55, 'max': 60, 'median': 58}}
2025-11-10 06:24:17,680 - ethical_hiring_audit - INFO - Ethical scorer initialized with weights: {'relevant_experience': 0.35, 'technical_skills': 0.3, 'project_portfolio': 0.2, 'certifications': 0.1, 'education_relevance': 0.05}
2025-11-10 06:24:17,680 - ethical_hiring_audit - INFO - Ethical scorer initialized with weights: {'relevant_experience': 0.35, 'technical_skills': 0.3, 'project_portfolio': 0.2, 'certifications': 0.1, 'education_relevance': 0.05}
2025-11-10 06:24:17,680 - ethical_hiring_audit - INFO - Ethical scorer initialized with weights: {'relevant_experience': 0.35, 'technical_skills': 0.3, 'project_portfolio': 0.2, 'certifications': 0.1, 'education_relevance': 0.05}
2025-11-10 06:24:17,680 - ethical_hiring_audit - INFO - Ethical scorer initialized with weights: {'relevant_experience': 0.35, 'technical_skills': 0.3, 'project_portfolio': 0.2, 'certifications': 0.1, 'education_relevance': 0.05}
2025-11-10 06:24:17,680 - ethical_hiring_audit - INFO - Appeal submitted - Appeal ID: ce606dfb-4444-47b5-a8d1-0ad38025f75b, Decision ID: decision_789, Candidate: candidate_101
2025-11-10 06:24:17,680 - ethical_hiring_audit - INFO - Appeal reviewed - Appeal ID: ce606dfb-4444-47b5-a8d1-0ad38025f75b, Reviewer: reviewer_john, Outcome: approved
2025-11-10 06:24:17,680 - ethical_hiring_audit - WARNING - Decision flagged for human review - Decision ID: decision_123, Reason: Low score requires human review
2025-11-10 06:24:17,680 - ethical_hiring_audit - INFO - Human review completed - Review ID: 0ee1a0e5-7fe2-4378-a021-44a4953aec03, Reviewer: reviewer_jane, Decision: reject
2025-11-10 06:24:17,681 - ethical_hiring_audit - INFO - Ethical scorer initialized with weights: {'relevant_experience': 0.35, 'technical_skills': 0.3, 'project_portfolio': 0.2, 'certifications': 0.1, 'education_relevance': 0.05}
2025-11-10 06:24:17,681 - ethical_hiring_audit - INFO - Ethical recommendation engine initialized. Accountability officer: test_officer@example.com
2025-11-10 06:24:17,681 - ethical_hiring_audit - INFO - Consent obtained for candidate candidate_001
2025-11-10 06:24:17,681 - ethical_hiring_audit - INFO - Ethical scorer initialized with weights: {'relevant_experience': 0.35, 'technical_skills': 0.3, 'project_portfolio': 0.2, 'certifications': 0.1, 'education_relevance': 0.05}
2025-11-10 06:24:17,681 - ethical_hiring_audit - WARNING - Decision flagged for human review - Decision ID: 0ee4ce7b-980d-408d-a4ef-892c4db54bf7, Reason: Score requires human review per policy
2025-11-10 06:24:17,682 - ethical_hiring_audit - INFO - AUDIT LOG: {
  "timestamp": "2025-11-10T06:24:17.681990",
  "decision_id": "0ee4ce7b-980d-408d-a4ef-892c4db54bf7",
  "candidate_id": "e9972a7776232a5e",
  "job_id": "job_001",
  "action": "candidate_evaluation",
  "decision_maker": "algorithm",
  "score": 78.0,
  "factors": {
    "relevant_experience": 100,
    "technical_skills": 63.33333333333333,
    "project_portfolio": 85,
    "certifications": 30,
    "education_relevance": 80
  },
  "explanation": "Overall Score: 78.0/100\n\nKey Strengths:\n- Relevant Experience: 100.0/100 (contributes 35.0 points)\n- Project Portfolio: 85.0/100 (contributes 17.0 points)\n- Education Relevance: 80.0/100 (contributes 4.0 points)\n\n- Relevant experience: 8 years (meets 5 year requirement)\n- Technical skills: 2/3 required skills matched\n- Portfolio demonstrates strong level of expertise\n- Holds 1 relevant professional certification(s)\n- Educational background in Computer Science",
  "status": "human_decision_pending",
  "reviewer_notes": null
}
2025-11-10 06:24:17,682 - ethical_hiring_audit - INFO - Ethical recommendation engine initialized. Accountability officer: test_officer@example.com
2025-11-10 06:24:17,682 - ethical_hiring_audit - WARNING - Consent not obtained for candidate candidate_001
2025-11-10 06:24:17,682 - ethical_hiring_audit - INFO - Ethical recommendation engine initialized. Accountability officer: test_officer@example.com
2025-11-10 06:24:17,682 - ethical_hiring_audit - INFO - Consent obtained for candidate candidate_001
2025-11-10 06:24:17,682 - ethical_hiring_audit - INFO - Ethical scorer initialized with weights: {'relevant_experience': 0.35, 'technical_skills': 0.3, 'project_portfolio': 0.2, 'certifications': 0.1, 'education_relevance': 0.05}
2025-11-10 06:24:17,682 - ethical_hiring_audit - WARNING - Decision flagged for human review - Decision ID: 67bd8957-9ecf-476b-8464-e9c187b58b04, Reason: Score requires human review per policy
2025-11-10 06:24:17,683 - ethical_hiring_audit - INFO - AUDIT LOG: {
  "timestamp": "2025-11-10T06:24:17.683156",
  "decision_id": "67bd8957-9ecf-476b-8464-e9c187b58b04",
  "candidate_id": "e9972a7776232a5e",
  "job_id": "job_001",
  "action": "candidate_evaluation",
  "decision_maker": "algorithm",
  "score": 78.0,
  "factors": {
    "relevant_experience": 100,
    "technical_skills": 63.33333333333333,
    "project_portfolio": 85,
    "certifications": 30,
    "education_relevance": 80
  },
  "explanation": "Overall Score: 78.0/100\n\nKey Strengths:\n- Relevant Experience: 100.0/100 (contributes 35.0 points)\n- Project Portfolio: 85.0/100 (contributes 17.0 points)\n- Education Relevance: 80.0/100 (contributes 4.0 points)\n\n- Relevant experience: 8 years (meets 5 year requirement)\n- Technical skills: 2/3 required skills matched\n- Portfolio demonstrates strong level of expertise\n- Holds 1 relevant professional certification(s)\n- Educational background in Computer Science",
  "status": "human_decision_pending",
  "reviewer_notes": null
}
2025-11-10 06:24:17,683 - ethical_hiring_audit - INFO - Ethical recommendation engine initialized. Accountability officer: test_officer@example.com
2025-11-10 06:24:17,683 - ethical_hiring_audit - ERROR - Data validation failed for candidate bad_001: ["PROHIBITED: Field 'age' is a protected characteristic and must not be collected"]
2025-11-10 06:27:02,377 - ethical_hiring_audit - INFO - Ethical recommendation engine initialized. Accountability officer: hiring_manager@example.com
2025-11-10 06:27:02,377 - ethical_hiring_audit - INFO - Consent obtained for candidate candidate_001
2025-11-10 06:27:02,378 - ethical_hiring_audit - INFO - Ethical scorer initialized with weights: {'relevant_experience': 0.35, 'technical_skills': 0.3, 'project_portfolio': 0.2, 'certifications': 0.1, 'education_relevance': 0.05}
2025-11-10 06:27:02,378 - ethical_hiring_audit - WARNING - Decision flagged for human review - Decision ID: 73d6969f-3146-4fd7-b167-24e5d7bb33fe, Reason: Score requires human review per policy
2025-11-10 06:27:02,378 - ethical_hiring_audit - INFO - AUDIT LOG: {
  "timestamp": "2025-11-10T06:27:02.378182",
  "decision_id": "73d6969f-3146-4fd7-b167-24e5d7bb33fe",
  "candidate_id": "e9972a7776232a5e",
  "job_id": "job_001",
  "action": "candidate_evaluation",
  "decision_maker": "algorithm",
  "score": 78.0,
  "factors": {
    "relevant_experience": 100,
    "technical_skills": 63.33333333333333,
    "project_portfolio": 85,
    "certifications": 30,
    "education_relevance": 80
  },
  "explanation": "Overall Score: 78.0/100\n\nKey Strengths:\n- Relevant Experience: 100.0/100 (contributes 35.0 points)\n- Project Portfolio: 85.0/100 (contributes 17.0 points)\n- Education Relevance: 80.0/100 (contributes 4.0 points)\n\n- Relevant experience: 8 years (meets 5 year requirement)\n- Technical skills: 2/3 required skills matched\n- Portfolio demonstrates strong level of expertise\n- Holds 1 relevant professional certification(s)\n- Educational background in Computer Science",
  "status": "human_decision_pending",
  "reviewer_notes": null
}
2025-11-10 06:27:02,378 - ethical_hiring_audit - INFO - Consent obtained for candidate candidate_002
2025-11-10 06:27:02,378 - ethical_hiring_audit - INFO - Ethical scorer initialized with weights: {'relevant_experience': 0.35, 'technical_skills': 0.3, 'project_portfolio': 0.2, 'certifications': 0.1, 'education_relevance': 0.05}
2025-11-10 06:27:02,378 - ethical_hiring_audit - WARNING - Decision flagged for human review - Decision ID: ec3c6cfe-14ab-41d7-ab40-2458cf66cb8e, Reason: Score requires human review per policy
2025-11-10 06:27:02,378 - ethical_hiring_audit - INFO - AUDIT LOG: {
  "timestamp": "2025-11-10T06:27:02.378542",
  "decision_id": "ec3c6cfe-14ab-41d7-ab40-2458cf66cb8e",
  "candidate_id": "a87cbbb395380d9c",
  "job_id": "job_001",
  "action": "candidate_evaluation",
  "decision_maker": "algorithm",
  "score": 76.4,
  "factors": {
    "relevant_experience": 100,
    "technical_skills": 58.33333333333333,
    "project_portfolio": 92,
    "certifications": 30,
    "education_relevance": 50
  },
  "explanation": "Overall Score: 76.4/100\n\nKey Strengths:\n- Relevant Experience: 100.0/100 (contributes 35.0 points)\n- Project Portfolio: 92.0/100 (contributes 18.4 points)\n\n- Relevant experience: 15 years (meets 5 year requirement)\n- Technical skills: 2/3 required skills matched\n- Portfolio demonstrates exceptional level of expertise\n- Holds 1 relevant professional certification(s)\n- Educational background in Software Engineering",
  "status": "human_decision_pending",
  "reviewer_notes": null
}
2025-11-10 06:27:02,378 - ethical_hiring_audit - INFO - Consent obtained for candidate candidate_003
2025-11-10 06:27:02,378 - ethical_hiring_audit - INFO - Ethical scorer initialized with weights: {'relevant_experience': 0.35, 'technical_skills': 0.3, 'project_portfolio': 0.2, 'certifications': 0.1, 'education_relevance': 0.05}
2025-11-10 06:27:02,378 - ethical_hiring_audit - WARNING - Decision flagged for human review - Decision ID: f9f0200c-dacb-4ae4-a76c-75c3f34c9d29, Reason: Score requires human review per policy
2025-11-10 06:27:02,378 - ethical_hiring_audit - INFO - AUDIT LOG: {
  "timestamp": "2025-11-10T06:27:02.378882",
  "decision_id": "f9f0200c-dacb-4ae4-a76c-75c3f34c9d29",
  "candidate_id": "dceafcfeca8f5050",
  "job_id": "job_001",
  "action": "candidate_evaluation",
  "decision_maker": "algorithm",
  "score": 49.7,
  "factors": {
    "relevant_experience": 42.0,
    "technical_skills": 58.33333333333333,
    "project_portfolio": 75,
    "certifications": 0,
    "education_relevance": 50
  },
  "explanation": "Overall Score: 49.7/100\n\nKey Strengths:\n- Project Portfolio: 75.0/100 (contributes 15.0 points)\n\n- Relevant experience: 3 years (below 5 year requirement)\n- Technical skills: 2/3 required skills matched\n- Portfolio demonstrates strong level of expertise\n- Educational background in Self-taught / Bootcamp",
  "status": "human_decision_pending",
  "reviewer_notes": null
}
2025-11-10 06:27:02,379 - ethical_hiring_audit - INFO - Appeal submitted - Appeal ID: 951a25de-b3ad-4a7a-adc6-612788bdc063, Decision ID: f9f0200c-dacb-4ae4-a76c-75c3f34c9d29, Candidate: candidate_003
2025-11-10 06:27:02,379 - ethical_hiring_audit - INFO - Appeal reviewed - Appeal ID: 951a25de-b3ad-4a7a-adc6-612788bdc063, Reviewer: reviewer_jane_doe, Outcome: approved
